<?xml version="1.0" encoding="UTF-8"?>
<testsuite xmlns:xsi="http://www.w3.org/2001/XMLSchema-instance" xsi:noNamespaceSchemaLocation="https://maven.apache.org/surefire/maven-surefire-plugin/xsd/surefire-test-report.xsd" name="com.markerhub.VueblogApplicationTests" time="6.554" tests="2" errors="0" skipped="0" failures="0">
  <properties>
    <property name="sun.desktop" value="windows"/>
    <property name="awt.toolkit" value="sun.awt.windows.WToolkit"/>
    <property name="file.encoding.pkg" value="sun.io"/>
    <property name="java.specification.version" value="1.8"/>
    <property name="sun.cpu.isalist" value="amd64"/>
    <property name="sun.jnu.encoding" value="GBK"/>
    <property name="java.class.path" value="D:\workspace\IdeaProject\UBML\vueblog\target\test-classes;D:\workspace\IdeaProject\UBML\vueblog\target\classes;S:\apache-maven-3.6.3\maven-repo\org\springframework\boot\spring-boot-starter-web\2.0.6.RELEASE\spring-boot-starter-web-2.0.6.RELEASE.jar;S:\apache-maven-3.6.3\maven-repo\org\springframework\boot\spring-boot-starter\2.0.6.RELEASE\spring-boot-starter-2.0.6.RELEASE.jar;S:\apache-maven-3.6.3\maven-repo\org\springframework\boot\spring-boot-starter-logging\2.0.6.RELEASE\spring-boot-starter-logging-2.0.6.RELEASE.jar;S:\apache-maven-3.6.3\maven-repo\ch\qos\logback\logback-classic\1.2.3\logback-classic-1.2.3.jar;S:\apache-maven-3.6.3\maven-repo\ch\qos\logback\logback-core\1.2.3\logback-core-1.2.3.jar;S:\apache-maven-3.6.3\maven-repo\org\apache\logging\log4j\log4j-to-slf4j\2.10.0\log4j-to-slf4j-2.10.0.jar;S:\apache-maven-3.6.3\maven-repo\org\apache\logging\log4j\log4j-api\2.10.0\log4j-api-2.10.0.jar;S:\apache-maven-3.6.3\maven-repo\org\slf4j\jul-to-slf4j\1.7.25\jul-to-slf4j-1.7.25.jar;S:\apache-maven-3.6.3\maven-repo\javax\annotation\javax.annotation-api\1.3.2\javax.annotation-api-1.3.2.jar;S:\apache-maven-3.6.3\maven-repo\org\yaml\snakeyaml\1.19\snakeyaml-1.19.jar;S:\apache-maven-3.6.3\maven-repo\org\springframework\boot\spring-boot-starter-json\2.0.6.RELEASE\spring-boot-starter-json-2.0.6.RELEASE.jar;S:\apache-maven-3.6.3\maven-repo\com\fasterxml\jackson\datatype\jackson-datatype-jdk8\2.9.7\jackson-datatype-jdk8-2.9.7.jar;S:\apache-maven-3.6.3\maven-repo\com\fasterxml\jackson\datatype\jackson-datatype-jsr310\2.9.7\jackson-datatype-jsr310-2.9.7.jar;S:\apache-maven-3.6.3\maven-repo\com\fasterxml\jackson\module\jackson-module-parameter-names\2.9.7\jackson-module-parameter-names-2.9.7.jar;S:\apache-maven-3.6.3\maven-repo\org\springframework\boot\spring-boot-starter-tomcat\2.0.6.RELEASE\spring-boot-starter-tomcat-2.0.6.RELEASE.jar;S:\apache-maven-3.6.3\maven-repo\org\apache\tomcat\embed\tomcat-embed-core\8.5.34\tomcat-embed-core-8.5.34.jar;S:\apache-maven-3.6.3\maven-repo\org\apache\tomcat\embed\tomcat-embed-el\8.5.34\tomcat-embed-el-8.5.34.jar;S:\apache-maven-3.6.3\maven-repo\org\apache\tomcat\embed\tomcat-embed-websocket\8.5.34\tomcat-embed-websocket-8.5.34.jar;S:\apache-maven-3.6.3\maven-repo\org\hibernate\validator\hibernate-validator\6.0.13.Final\hibernate-validator-6.0.13.Final.jar;S:\apache-maven-3.6.3\maven-repo\javax\validation\validation-api\2.0.1.Final\validation-api-2.0.1.Final.jar;S:\apache-maven-3.6.3\maven-repo\org\jboss\logging\jboss-logging\3.3.2.Final\jboss-logging-3.3.2.Final.jar;S:\apache-maven-3.6.3\maven-repo\com\fasterxml\classmate\1.3.4\classmate-1.3.4.jar;S:\apache-maven-3.6.3\maven-repo\org\springframework\spring-web\5.0.10.RELEASE\spring-web-5.0.10.RELEASE.jar;S:\apache-maven-3.6.3\maven-repo\org\springframework\spring-beans\5.0.10.RELEASE\spring-beans-5.0.10.RELEASE.jar;S:\apache-maven-3.6.3\maven-repo\org\springframework\spring-webmvc\5.0.10.RELEASE\spring-webmvc-5.0.10.RELEASE.jar;S:\apache-maven-3.6.3\maven-repo\org\springframework\spring-aop\5.0.10.RELEASE\spring-aop-5.0.10.RELEASE.jar;S:\apache-maven-3.6.3\maven-repo\org\springframework\spring-context\5.0.10.RELEASE\spring-context-5.0.10.RELEASE.jar;S:\apache-maven-3.6.3\maven-repo\org\springframework\spring-expression\5.0.10.RELEASE\spring-expression-5.0.10.RELEASE.jar;S:\apache-maven-3.6.3\maven-repo\org\springframework\boot\spring-boot-devtools\2.0.6.RELEASE\spring-boot-devtools-2.0.6.RELEASE.jar;S:\apache-maven-3.6.3\maven-repo\org\springframework\boot\spring-boot\2.0.6.RELEASE\spring-boot-2.0.6.RELEASE.jar;S:\apache-maven-3.6.3\maven-repo\org\springframework\boot\spring-boot-autoconfigure\2.0.6.RELEASE\spring-boot-autoconfigure-2.0.6.RELEASE.jar;S:\apache-maven-3.6.3\maven-repo\mysql\mysql-connector-java\8.0.21\mysql-connector-java-8.0.21.jar;S:\apache-maven-3.6.3\maven-repo\com\google\protobuf\protobuf-java\3.11.4\protobuf-java-3.11.4.jar;S:\apache-maven-3.6.3\maven-repo\org\projectlombok\lombok\1.16.22\lombok-1.16.22.jar;S:\apache-maven-3.6.3\maven-repo\org\springframework\boot\spring-boot-starter-test\2.0.6.RELEASE\spring-boot-starter-test-2.0.6.RELEASE.jar;S:\apache-maven-3.6.3\maven-repo\org\springframework\boot\spring-boot-test\2.0.6.RELEASE\spring-boot-test-2.0.6.RELEASE.jar;S:\apache-maven-3.6.3\maven-repo\org\springframework\boot\spring-boot-test-autoconfigure\2.0.6.RELEASE\spring-boot-test-autoconfigure-2.0.6.RELEASE.jar;S:\apache-maven-3.6.3\maven-repo\com\jayway\jsonpath\json-path\2.4.0\json-path-2.4.0.jar;S:\apache-maven-3.6.3\maven-repo\net\minidev\json-smart\2.3\json-smart-2.3.jar;S:\apache-maven-3.6.3\maven-repo\net\minidev\accessors-smart\1.2\accessors-smart-1.2.jar;S:\apache-maven-3.6.3\maven-repo\org\ow2\asm\asm\5.0.4\asm-5.0.4.jar;S:\apache-maven-3.6.3\maven-repo\org\slf4j\slf4j-api\1.7.25\slf4j-api-1.7.25.jar;S:\apache-maven-3.6.3\maven-repo\junit\junit\4.12\junit-4.12.jar;S:\apache-maven-3.6.3\maven-repo\org\assertj\assertj-core\3.9.1\assertj-core-3.9.1.jar;S:\apache-maven-3.6.3\maven-repo\org\mockito\mockito-core\2.15.0\mockito-core-2.15.0.jar;S:\apache-maven-3.6.3\maven-repo\net\bytebuddy\byte-buddy\1.7.11\byte-buddy-1.7.11.jar;S:\apache-maven-3.6.3\maven-repo\net\bytebuddy\byte-buddy-agent\1.7.11\byte-buddy-agent-1.7.11.jar;S:\apache-maven-3.6.3\maven-repo\org\objenesis\objenesis\2.6\objenesis-2.6.jar;S:\apache-maven-3.6.3\maven-repo\org\hamcrest\hamcrest-core\1.3\hamcrest-core-1.3.jar;S:\apache-maven-3.6.3\maven-repo\org\hamcrest\hamcrest-library\1.3\hamcrest-library-1.3.jar;S:\apache-maven-3.6.3\maven-repo\org\skyscreamer\jsonassert\1.5.0\jsonassert-1.5.0.jar;S:\apache-maven-3.6.3\maven-repo\com\vaadin\external\google\android-json\0.0.20131108.vaadin1\android-json-0.0.20131108.vaadin1.jar;S:\apache-maven-3.6.3\maven-repo\org\springframework\spring-core\5.0.10.RELEASE\spring-core-5.0.10.RELEASE.jar;S:\apache-maven-3.6.3\maven-repo\org\springframework\spring-jcl\5.0.10.RELEASE\spring-jcl-5.0.10.RELEASE.jar;S:\apache-maven-3.6.3\maven-repo\org\springframework\spring-test\5.0.10.RELEASE\spring-test-5.0.10.RELEASE.jar;S:\apache-maven-3.6.3\maven-repo\org\xmlunit\xmlunit-core\2.5.1\xmlunit-core-2.5.1.jar;S:\apache-maven-3.6.3\maven-repo\com\baomidou\mybatis-plus-boot-starter\3.2.0\mybatis-plus-boot-starter-3.2.0.jar;S:\apache-maven-3.6.3\maven-repo\com\baomidou\mybatis-plus\3.2.0\mybatis-plus-3.2.0.jar;S:\apache-maven-3.6.3\maven-repo\org\springframework\boot\spring-boot-starter-jdbc\2.0.6.RELEASE\spring-boot-starter-jdbc-2.0.6.RELEASE.jar;S:\apache-maven-3.6.3\maven-repo\com\zaxxer\HikariCP\2.7.9\HikariCP-2.7.9.jar;S:\apache-maven-3.6.3\maven-repo\org\springframework\spring-jdbc\5.0.10.RELEASE\spring-jdbc-5.0.10.RELEASE.jar;S:\apache-maven-3.6.3\maven-repo\org\springframework\spring-tx\5.0.10.RELEASE\spring-tx-5.0.10.RELEASE.jar;S:\apache-maven-3.6.3\maven-repo\org\springframework\boot\spring-boot-starter-freemarker\2.0.6.RELEASE\spring-boot-starter-freemarker-2.0.6.RELEASE.jar;S:\apache-maven-3.6.3\maven-repo\org\freemarker\freemarker\2.3.28\freemarker-2.3.28.jar;S:\apache-maven-3.6.3\maven-repo\org\springframework\spring-context-support\5.0.10.RELEASE\spring-context-support-5.0.10.RELEASE.jar;S:\apache-maven-3.6.3\maven-repo\com\baomidou\mybatis-plus-generator\3.2.0\mybatis-plus-generator-3.2.0.jar;S:\apache-maven-3.6.3\maven-repo\com\baomidou\mybatis-plus-extension\3.2.0\mybatis-plus-extension-3.2.0.jar;S:\apache-maven-3.6.3\maven-repo\com\baomidou\mybatis-plus-core\3.2.0\mybatis-plus-core-3.2.0.jar;S:\apache-maven-3.6.3\maven-repo\com\baomidou\mybatis-plus-annotation\3.2.0\mybatis-plus-annotation-3.2.0.jar;S:\apache-maven-3.6.3\maven-repo\org\mybatis\mybatis\3.5.2\mybatis-3.5.2.jar;S:\apache-maven-3.6.3\maven-repo\org\mybatis\mybatis-spring\2.0.2\mybatis-spring-2.0.2.jar;S:\apache-maven-3.6.3\maven-repo\org\crazycake\shiro-redis-spring-boot-starter\3.2.1\shiro-redis-spring-boot-starter-3.2.1.jar;S:\apache-maven-3.6.3\maven-repo\org\crazycake\shiro-redis\3.2.0\shiro-redis-3.2.0.jar;S:\apache-maven-3.6.3\maven-repo\redis\clients\jedis\2.9.0\jedis-2.9.0.jar;S:\apache-maven-3.6.3\maven-repo\org\apache\commons\commons-pool2\2.5.0\commons-pool2-2.5.0.jar;S:\apache-maven-3.6.3\maven-repo\org\apache\shiro\shiro-core\1.3.2\shiro-core-1.3.2.jar;S:\apache-maven-3.6.3\maven-repo\commons-beanutils\commons-beanutils\1.8.3\commons-beanutils-1.8.3.jar;S:\apache-maven-3.6.3\maven-repo\com\puppycrawl\tools\checkstyle\8.3\checkstyle-8.3.jar;S:\apache-maven-3.6.3\maven-repo\antlr\antlr\2.7.7\antlr-2.7.7.jar;S:\apache-maven-3.6.3\maven-repo\org\antlr\antlr4-runtime\4.7\antlr4-runtime-4.7.jar;S:\apache-maven-3.6.3\maven-repo\commons-cli\commons-cli\1.4\commons-cli-1.4.jar;S:\apache-maven-3.6.3\maven-repo\com\google\guava\guava\23.0\guava-23.0.jar;S:\apache-maven-3.6.3\maven-repo\com\google\code\findbugs\jsr305\1.3.9\jsr305-1.3.9.jar;S:\apache-maven-3.6.3\maven-repo\com\google\errorprone\error_prone_annotations\2.0.18\error_prone_annotations-2.0.18.jar;S:\apache-maven-3.6.3\maven-repo\com\google\j2objc\j2objc-annotations\1.1\j2objc-annotations-1.1.jar;S:\apache-maven-3.6.3\maven-repo\org\codehaus\mojo\animal-sniffer-annotations\1.14\animal-sniffer-annotations-1.14.jar;S:\apache-maven-3.6.3\maven-repo\net\sf\saxon\Saxon-HE\9.8.0-4\Saxon-HE-9.8.0-4.jar;C:\Program Files\Java\jdk1.8.0_261\jre\..\lib\tools.jar;S:\apache-maven-3.6.3\maven-repo\org\apache\shiro\shiro-spring-boot-web-starter\1.4.0-RC2\shiro-spring-boot-web-starter-1.4.0-RC2.jar;S:\apache-maven-3.6.3\maven-repo\org\apache\shiro\shiro-spring\1.4.0-RC2\shiro-spring-1.4.0-RC2.jar;S:\apache-maven-3.6.3\maven-repo\org\apache\shiro\shiro-web\1.4.0-RC2\shiro-web-1.4.0-RC2.jar;S:\apache-maven-3.6.3\maven-repo\cn\hutool\hutool-all\5.3.3\hutool-all-5.3.3.jar;S:\apache-maven-3.6.3\maven-repo\io\jsonwebtoken\jjwt\0.9.1\jjwt-0.9.1.jar;S:\apache-maven-3.6.3\maven-repo\com\fasterxml\jackson\core\jackson-databind\2.9.7\jackson-databind-2.9.7.jar;S:\apache-maven-3.6.3\maven-repo\com\fasterxml\jackson\core\jackson-annotations\2.9.0\jackson-annotations-2.9.0.jar;S:\apache-maven-3.6.3\maven-repo\com\fasterxml\jackson\core\jackson-core\2.9.7\jackson-core-2.9.7.jar;S:\apache-maven-3.6.3\maven-repo\javax\xml\bind\jaxb-api\2.3.0\jaxb-api-2.3.0.jar;S:\apache-maven-3.6.3\maven-repo\com\sun\xml\bind\jaxb-impl\2.3.0\jaxb-impl-2.3.0.jar;S:\apache-maven-3.6.3\maven-repo\com\sun\xml\bind\jaxb-core\2.3.0\jaxb-core-2.3.0.jar;S:\apache-maven-3.6.3\maven-repo\javax\activation\activation\1.1.1\activation-1.1.1.jar;S:\apache-maven-3.6.3\maven-repo\org\neo4j\driver\neo4j-java-driver\1.6.1\neo4j-java-driver-1.6.1.jar;S:\apache-maven-3.6.3\maven-repo\com\alibaba\fastjson\1.2.32\fastjson-1.2.32.jar;S:\apache-maven-3.6.3\maven-repo\org\json\json\20220320\json-20220320.jar;S:\apache-maven-3.6.3\maven-repo\dom4j\dom4j\1.6.1\dom4j-1.6.1.jar;S:\apache-maven-3.6.3\maven-repo\xml-apis\xml-apis\1.4.01\xml-apis-1.4.01.jar;S:\apache-maven-3.6.3\maven-repo\commons-io\commons-io\2.4\commons-io-2.4.jar;S:\apache-maven-3.6.3\maven-repo\org\apache\commons\commons-lang3\3.8\commons-lang3-3.8.jar;S:\apache-maven-3.6.3\maven-repo\com\github\pagehelper\pagehelper\5.0.0\pagehelper-5.0.0.jar;S:\apache-maven-3.6.3\maven-repo\com\github\jsqlparser\jsqlparser\0.9.5\jsqlparser-0.9.5.jar;S:\apache-maven-3.6.3\maven-repo\com\github\pagehelper\pagehelper-spring-boot-autoconfigure\1.2.3\pagehelper-spring-boot-autoconfigure-1.2.3.jar;S:\apache-maven-3.6.3\maven-repo\com\github\pagehelper\pagehelper-spring-boot-starter\1.2.3\pagehelper-spring-boot-starter-1.2.3.jar;S:\apache-maven-3.6.3\maven-repo\org\mybatis\spring\boot\mybatis-spring-boot-starter\1.3.1\mybatis-spring-boot-starter-1.3.1.jar;S:\apache-maven-3.6.3\maven-repo\org\mybatis\spring\boot\mybatis-spring-boot-autoconfigure\1.3.1\mybatis-spring-boot-autoconfigure-1.3.1.jar;S:\apache-maven-3.6.3\maven-repo\net\sourceforge\javacsv\javacsv\2.0\javacsv-2.0.jar;S:\apache-maven-3.6.3\maven-repo\org\apache\poi\poi\3.17\poi-3.17.jar;S:\apache-maven-3.6.3\maven-repo\commons-codec\commons-codec\1.11\commons-codec-1.11.jar;S:\apache-maven-3.6.3\maven-repo\org\apache\commons\commons-collections4\4.1\commons-collections4-4.1.jar;S:\apache-maven-3.6.3\maven-repo\org\apache\poi\poi-ooxml\3.17\poi-ooxml-3.17.jar;S:\apache-maven-3.6.3\maven-repo\org\apache\poi\poi-ooxml-schemas\3.17\poi-ooxml-schemas-3.17.jar;S:\apache-maven-3.6.3\maven-repo\org\apache\xmlbeans\xmlbeans\2.6.0\xmlbeans-2.6.0.jar;S:\apache-maven-3.6.3\maven-repo\stax\stax-api\1.0.1\stax-api-1.0.1.jar;S:\apache-maven-3.6.3\maven-repo\com\github\virtuald\curvesapi\1.04\curvesapi-1.04.jar;"/>
    <property name="java.vm.vendor" value="Oracle Corporation"/>
    <property name="sun.arch.data.model" value="64"/>
    <property name="user.variant" value=""/>
    <property name="java.vendor.url" value="http://java.oracle.com/"/>
    <property name="user.timezone" value=""/>
    <property name="java.vm.specification.version" value="1.8"/>
    <property name="os.name" value="Windows 10"/>
    <property name="user.country" value="CN"/>
    <property name="sun.java.launcher" value="SUN_STANDARD"/>
    <property name="sun.boot.library.path" value="C:\Program Files\Java\jdk1.8.0_261\jre\bin"/>
    <property name="sun.java.command" value="C:\Users\shiha\AppData\Local\Temp\surefire7194600412385329726\surefirebooter562000752554321066.jar C:\Users\shiha\AppData\Local\Temp\surefire7194600412385329726 2022-11-06T20-24-51_813-jvmRun1 surefire1861020305911300355tmp surefire_03053536795969654117tmp"/>
    <property name="surefire.test.class.path" value="D:\workspace\IdeaProject\UBML\vueblog\target\test-classes;D:\workspace\IdeaProject\UBML\vueblog\target\classes;S:\apache-maven-3.6.3\maven-repo\org\springframework\boot\spring-boot-starter-web\2.0.6.RELEASE\spring-boot-starter-web-2.0.6.RELEASE.jar;S:\apache-maven-3.6.3\maven-repo\org\springframework\boot\spring-boot-starter\2.0.6.RELEASE\spring-boot-starter-2.0.6.RELEASE.jar;S:\apache-maven-3.6.3\maven-repo\org\springframework\boot\spring-boot-starter-logging\2.0.6.RELEASE\spring-boot-starter-logging-2.0.6.RELEASE.jar;S:\apache-maven-3.6.3\maven-repo\ch\qos\logback\logback-classic\1.2.3\logback-classic-1.2.3.jar;S:\apache-maven-3.6.3\maven-repo\ch\qos\logback\logback-core\1.2.3\logback-core-1.2.3.jar;S:\apache-maven-3.6.3\maven-repo\org\apache\logging\log4j\log4j-to-slf4j\2.10.0\log4j-to-slf4j-2.10.0.jar;S:\apache-maven-3.6.3\maven-repo\org\apache\logging\log4j\log4j-api\2.10.0\log4j-api-2.10.0.jar;S:\apache-maven-3.6.3\maven-repo\org\slf4j\jul-to-slf4j\1.7.25\jul-to-slf4j-1.7.25.jar;S:\apache-maven-3.6.3\maven-repo\javax\annotation\javax.annotation-api\1.3.2\javax.annotation-api-1.3.2.jar;S:\apache-maven-3.6.3\maven-repo\org\yaml\snakeyaml\1.19\snakeyaml-1.19.jar;S:\apache-maven-3.6.3\maven-repo\org\springframework\boot\spring-boot-starter-json\2.0.6.RELEASE\spring-boot-starter-json-2.0.6.RELEASE.jar;S:\apache-maven-3.6.3\maven-repo\com\fasterxml\jackson\datatype\jackson-datatype-jdk8\2.9.7\jackson-datatype-jdk8-2.9.7.jar;S:\apache-maven-3.6.3\maven-repo\com\fasterxml\jackson\datatype\jackson-datatype-jsr310\2.9.7\jackson-datatype-jsr310-2.9.7.jar;S:\apache-maven-3.6.3\maven-repo\com\fasterxml\jackson\module\jackson-module-parameter-names\2.9.7\jackson-module-parameter-names-2.9.7.jar;S:\apache-maven-3.6.3\maven-repo\org\springframework\boot\spring-boot-starter-tomcat\2.0.6.RELEASE\spring-boot-starter-tomcat-2.0.6.RELEASE.jar;S:\apache-maven-3.6.3\maven-repo\org\apache\tomcat\embed\tomcat-embed-core\8.5.34\tomcat-embed-core-8.5.34.jar;S:\apache-maven-3.6.3\maven-repo\org\apache\tomcat\embed\tomcat-embed-el\8.5.34\tomcat-embed-el-8.5.34.jar;S:\apache-maven-3.6.3\maven-repo\org\apache\tomcat\embed\tomcat-embed-websocket\8.5.34\tomcat-embed-websocket-8.5.34.jar;S:\apache-maven-3.6.3\maven-repo\org\hibernate\validator\hibernate-validator\6.0.13.Final\hibernate-validator-6.0.13.Final.jar;S:\apache-maven-3.6.3\maven-repo\javax\validation\validation-api\2.0.1.Final\validation-api-2.0.1.Final.jar;S:\apache-maven-3.6.3\maven-repo\org\jboss\logging\jboss-logging\3.3.2.Final\jboss-logging-3.3.2.Final.jar;S:\apache-maven-3.6.3\maven-repo\com\fasterxml\classmate\1.3.4\classmate-1.3.4.jar;S:\apache-maven-3.6.3\maven-repo\org\springframework\spring-web\5.0.10.RELEASE\spring-web-5.0.10.RELEASE.jar;S:\apache-maven-3.6.3\maven-repo\org\springframework\spring-beans\5.0.10.RELEASE\spring-beans-5.0.10.RELEASE.jar;S:\apache-maven-3.6.3\maven-repo\org\springframework\spring-webmvc\5.0.10.RELEASE\spring-webmvc-5.0.10.RELEASE.jar;S:\apache-maven-3.6.3\maven-repo\org\springframework\spring-aop\5.0.10.RELEASE\spring-aop-5.0.10.RELEASE.jar;S:\apache-maven-3.6.3\maven-repo\org\springframework\spring-context\5.0.10.RELEASE\spring-context-5.0.10.RELEASE.jar;S:\apache-maven-3.6.3\maven-repo\org\springframework\spring-expression\5.0.10.RELEASE\spring-expression-5.0.10.RELEASE.jar;S:\apache-maven-3.6.3\maven-repo\org\springframework\boot\spring-boot-devtools\2.0.6.RELEASE\spring-boot-devtools-2.0.6.RELEASE.jar;S:\apache-maven-3.6.3\maven-repo\org\springframework\boot\spring-boot\2.0.6.RELEASE\spring-boot-2.0.6.RELEASE.jar;S:\apache-maven-3.6.3\maven-repo\org\springframework\boot\spring-boot-autoconfigure\2.0.6.RELEASE\spring-boot-autoconfigure-2.0.6.RELEASE.jar;S:\apache-maven-3.6.3\maven-repo\mysql\mysql-connector-java\8.0.21\mysql-connector-java-8.0.21.jar;S:\apache-maven-3.6.3\maven-repo\com\google\protobuf\protobuf-java\3.11.4\protobuf-java-3.11.4.jar;S:\apache-maven-3.6.3\maven-repo\org\projectlombok\lombok\1.16.22\lombok-1.16.22.jar;S:\apache-maven-3.6.3\maven-repo\org\springframework\boot\spring-boot-starter-test\2.0.6.RELEASE\spring-boot-starter-test-2.0.6.RELEASE.jar;S:\apache-maven-3.6.3\maven-repo\org\springframework\boot\spring-boot-test\2.0.6.RELEASE\spring-boot-test-2.0.6.RELEASE.jar;S:\apache-maven-3.6.3\maven-repo\org\springframework\boot\spring-boot-test-autoconfigure\2.0.6.RELEASE\spring-boot-test-autoconfigure-2.0.6.RELEASE.jar;S:\apache-maven-3.6.3\maven-repo\com\jayway\jsonpath\json-path\2.4.0\json-path-2.4.0.jar;S:\apache-maven-3.6.3\maven-repo\net\minidev\json-smart\2.3\json-smart-2.3.jar;S:\apache-maven-3.6.3\maven-repo\net\minidev\accessors-smart\1.2\accessors-smart-1.2.jar;S:\apache-maven-3.6.3\maven-repo\org\ow2\asm\asm\5.0.4\asm-5.0.4.jar;S:\apache-maven-3.6.3\maven-repo\org\slf4j\slf4j-api\1.7.25\slf4j-api-1.7.25.jar;S:\apache-maven-3.6.3\maven-repo\junit\junit\4.12\junit-4.12.jar;S:\apache-maven-3.6.3\maven-repo\org\assertj\assertj-core\3.9.1\assertj-core-3.9.1.jar;S:\apache-maven-3.6.3\maven-repo\org\mockito\mockito-core\2.15.0\mockito-core-2.15.0.jar;S:\apache-maven-3.6.3\maven-repo\net\bytebuddy\byte-buddy\1.7.11\byte-buddy-1.7.11.jar;S:\apache-maven-3.6.3\maven-repo\net\bytebuddy\byte-buddy-agent\1.7.11\byte-buddy-agent-1.7.11.jar;S:\apache-maven-3.6.3\maven-repo\org\objenesis\objenesis\2.6\objenesis-2.6.jar;S:\apache-maven-3.6.3\maven-repo\org\hamcrest\hamcrest-core\1.3\hamcrest-core-1.3.jar;S:\apache-maven-3.6.3\maven-repo\org\hamcrest\hamcrest-library\1.3\hamcrest-library-1.3.jar;S:\apache-maven-3.6.3\maven-repo\org\skyscreamer\jsonassert\1.5.0\jsonassert-1.5.0.jar;S:\apache-maven-3.6.3\maven-repo\com\vaadin\external\google\android-json\0.0.20131108.vaadin1\android-json-0.0.20131108.vaadin1.jar;S:\apache-maven-3.6.3\maven-repo\org\springframework\spring-core\5.0.10.RELEASE\spring-core-5.0.10.RELEASE.jar;S:\apache-maven-3.6.3\maven-repo\org\springframework\spring-jcl\5.0.10.RELEASE\spring-jcl-5.0.10.RELEASE.jar;S:\apache-maven-3.6.3\maven-repo\org\springframework\spring-test\5.0.10.RELEASE\spring-test-5.0.10.RELEASE.jar;S:\apache-maven-3.6.3\maven-repo\org\xmlunit\xmlunit-core\2.5.1\xmlunit-core-2.5.1.jar;S:\apache-maven-3.6.3\maven-repo\com\baomidou\mybatis-plus-boot-starter\3.2.0\mybatis-plus-boot-starter-3.2.0.jar;S:\apache-maven-3.6.3\maven-repo\com\baomidou\mybatis-plus\3.2.0\mybatis-plus-3.2.0.jar;S:\apache-maven-3.6.3\maven-repo\org\springframework\boot\spring-boot-starter-jdbc\2.0.6.RELEASE\spring-boot-starter-jdbc-2.0.6.RELEASE.jar;S:\apache-maven-3.6.3\maven-repo\com\zaxxer\HikariCP\2.7.9\HikariCP-2.7.9.jar;S:\apache-maven-3.6.3\maven-repo\org\springframework\spring-jdbc\5.0.10.RELEASE\spring-jdbc-5.0.10.RELEASE.jar;S:\apache-maven-3.6.3\maven-repo\org\springframework\spring-tx\5.0.10.RELEASE\spring-tx-5.0.10.RELEASE.jar;S:\apache-maven-3.6.3\maven-repo\org\springframework\boot\spring-boot-starter-freemarker\2.0.6.RELEASE\spring-boot-starter-freemarker-2.0.6.RELEASE.jar;S:\apache-maven-3.6.3\maven-repo\org\freemarker\freemarker\2.3.28\freemarker-2.3.28.jar;S:\apache-maven-3.6.3\maven-repo\org\springframework\spring-context-support\5.0.10.RELEASE\spring-context-support-5.0.10.RELEASE.jar;S:\apache-maven-3.6.3\maven-repo\com\baomidou\mybatis-plus-generator\3.2.0\mybatis-plus-generator-3.2.0.jar;S:\apache-maven-3.6.3\maven-repo\com\baomidou\mybatis-plus-extension\3.2.0\mybatis-plus-extension-3.2.0.jar;S:\apache-maven-3.6.3\maven-repo\com\baomidou\mybatis-plus-core\3.2.0\mybatis-plus-core-3.2.0.jar;S:\apache-maven-3.6.3\maven-repo\com\baomidou\mybatis-plus-annotation\3.2.0\mybatis-plus-annotation-3.2.0.jar;S:\apache-maven-3.6.3\maven-repo\org\mybatis\mybatis\3.5.2\mybatis-3.5.2.jar;S:\apache-maven-3.6.3\maven-repo\org\mybatis\mybatis-spring\2.0.2\mybatis-spring-2.0.2.jar;S:\apache-maven-3.6.3\maven-repo\org\crazycake\shiro-redis-spring-boot-starter\3.2.1\shiro-redis-spring-boot-starter-3.2.1.jar;S:\apache-maven-3.6.3\maven-repo\org\crazycake\shiro-redis\3.2.0\shiro-redis-3.2.0.jar;S:\apache-maven-3.6.3\maven-repo\redis\clients\jedis\2.9.0\jedis-2.9.0.jar;S:\apache-maven-3.6.3\maven-repo\org\apache\commons\commons-pool2\2.5.0\commons-pool2-2.5.0.jar;S:\apache-maven-3.6.3\maven-repo\org\apache\shiro\shiro-core\1.3.2\shiro-core-1.3.2.jar;S:\apache-maven-3.6.3\maven-repo\commons-beanutils\commons-beanutils\1.8.3\commons-beanutils-1.8.3.jar;S:\apache-maven-3.6.3\maven-repo\com\puppycrawl\tools\checkstyle\8.3\checkstyle-8.3.jar;S:\apache-maven-3.6.3\maven-repo\antlr\antlr\2.7.7\antlr-2.7.7.jar;S:\apache-maven-3.6.3\maven-repo\org\antlr\antlr4-runtime\4.7\antlr4-runtime-4.7.jar;S:\apache-maven-3.6.3\maven-repo\commons-cli\commons-cli\1.4\commons-cli-1.4.jar;S:\apache-maven-3.6.3\maven-repo\com\google\guava\guava\23.0\guava-23.0.jar;S:\apache-maven-3.6.3\maven-repo\com\google\code\findbugs\jsr305\1.3.9\jsr305-1.3.9.jar;S:\apache-maven-3.6.3\maven-repo\com\google\errorprone\error_prone_annotations\2.0.18\error_prone_annotations-2.0.18.jar;S:\apache-maven-3.6.3\maven-repo\com\google\j2objc\j2objc-annotations\1.1\j2objc-annotations-1.1.jar;S:\apache-maven-3.6.3\maven-repo\org\codehaus\mojo\animal-sniffer-annotations\1.14\animal-sniffer-annotations-1.14.jar;S:\apache-maven-3.6.3\maven-repo\net\sf\saxon\Saxon-HE\9.8.0-4\Saxon-HE-9.8.0-4.jar;C:\Program Files\Java\jdk1.8.0_261\jre\..\lib\tools.jar;S:\apache-maven-3.6.3\maven-repo\org\apache\shiro\shiro-spring-boot-web-starter\1.4.0-RC2\shiro-spring-boot-web-starter-1.4.0-RC2.jar;S:\apache-maven-3.6.3\maven-repo\org\apache\shiro\shiro-spring\1.4.0-RC2\shiro-spring-1.4.0-RC2.jar;S:\apache-maven-3.6.3\maven-repo\org\apache\shiro\shiro-web\1.4.0-RC2\shiro-web-1.4.0-RC2.jar;S:\apache-maven-3.6.3\maven-repo\cn\hutool\hutool-all\5.3.3\hutool-all-5.3.3.jar;S:\apache-maven-3.6.3\maven-repo\io\jsonwebtoken\jjwt\0.9.1\jjwt-0.9.1.jar;S:\apache-maven-3.6.3\maven-repo\com\fasterxml\jackson\core\jackson-databind\2.9.7\jackson-databind-2.9.7.jar;S:\apache-maven-3.6.3\maven-repo\com\fasterxml\jackson\core\jackson-annotations\2.9.0\jackson-annotations-2.9.0.jar;S:\apache-maven-3.6.3\maven-repo\com\fasterxml\jackson\core\jackson-core\2.9.7\jackson-core-2.9.7.jar;S:\apache-maven-3.6.3\maven-repo\javax\xml\bind\jaxb-api\2.3.0\jaxb-api-2.3.0.jar;S:\apache-maven-3.6.3\maven-repo\com\sun\xml\bind\jaxb-impl\2.3.0\jaxb-impl-2.3.0.jar;S:\apache-maven-3.6.3\maven-repo\com\sun\xml\bind\jaxb-core\2.3.0\jaxb-core-2.3.0.jar;S:\apache-maven-3.6.3\maven-repo\javax\activation\activation\1.1.1\activation-1.1.1.jar;S:\apache-maven-3.6.3\maven-repo\org\neo4j\driver\neo4j-java-driver\1.6.1\neo4j-java-driver-1.6.1.jar;S:\apache-maven-3.6.3\maven-repo\com\alibaba\fastjson\1.2.32\fastjson-1.2.32.jar;S:\apache-maven-3.6.3\maven-repo\org\json\json\20220320\json-20220320.jar;S:\apache-maven-3.6.3\maven-repo\dom4j\dom4j\1.6.1\dom4j-1.6.1.jar;S:\apache-maven-3.6.3\maven-repo\xml-apis\xml-apis\1.4.01\xml-apis-1.4.01.jar;S:\apache-maven-3.6.3\maven-repo\commons-io\commons-io\2.4\commons-io-2.4.jar;S:\apache-maven-3.6.3\maven-repo\org\apache\commons\commons-lang3\3.8\commons-lang3-3.8.jar;S:\apache-maven-3.6.3\maven-repo\com\github\pagehelper\pagehelper\5.0.0\pagehelper-5.0.0.jar;S:\apache-maven-3.6.3\maven-repo\com\github\jsqlparser\jsqlparser\0.9.5\jsqlparser-0.9.5.jar;S:\apache-maven-3.6.3\maven-repo\com\github\pagehelper\pagehelper-spring-boot-autoconfigure\1.2.3\pagehelper-spring-boot-autoconfigure-1.2.3.jar;S:\apache-maven-3.6.3\maven-repo\com\github\pagehelper\pagehelper-spring-boot-starter\1.2.3\pagehelper-spring-boot-starter-1.2.3.jar;S:\apache-maven-3.6.3\maven-repo\org\mybatis\spring\boot\mybatis-spring-boot-starter\1.3.1\mybatis-spring-boot-starter-1.3.1.jar;S:\apache-maven-3.6.3\maven-repo\org\mybatis\spring\boot\mybatis-spring-boot-autoconfigure\1.3.1\mybatis-spring-boot-autoconfigure-1.3.1.jar;S:\apache-maven-3.6.3\maven-repo\net\sourceforge\javacsv\javacsv\2.0\javacsv-2.0.jar;S:\apache-maven-3.6.3\maven-repo\org\apache\poi\poi\3.17\poi-3.17.jar;S:\apache-maven-3.6.3\maven-repo\commons-codec\commons-codec\1.11\commons-codec-1.11.jar;S:\apache-maven-3.6.3\maven-repo\org\apache\commons\commons-collections4\4.1\commons-collections4-4.1.jar;S:\apache-maven-3.6.3\maven-repo\org\apache\poi\poi-ooxml\3.17\poi-ooxml-3.17.jar;S:\apache-maven-3.6.3\maven-repo\org\apache\poi\poi-ooxml-schemas\3.17\poi-ooxml-schemas-3.17.jar;S:\apache-maven-3.6.3\maven-repo\org\apache\xmlbeans\xmlbeans\2.6.0\xmlbeans-2.6.0.jar;S:\apache-maven-3.6.3\maven-repo\stax\stax-api\1.0.1\stax-api-1.0.1.jar;S:\apache-maven-3.6.3\maven-repo\com\github\virtuald\curvesapi\1.04\curvesapi-1.04.jar;"/>
    <property name="sun.cpu.endian" value="little"/>
    <property name="user.home" value="C:\Users\shiha"/>
    <property name="user.language" value="zh"/>
    <property name="java.specification.vendor" value="Oracle Corporation"/>
    <property name="java.home" value="C:\Program Files\Java\jdk1.8.0_261\jre"/>
    <property name="basedir" value="D:\workspace\IdeaProject\UBML\vueblog"/>
    <property name="file.separator" value="\"/>
    <property name="line.separator" value="&#10;"/>
    <property name="java.vm.specification.vendor" value="Oracle Corporation"/>
    <property name="java.specification.name" value="Java Platform API Specification"/>
    <property name="java.awt.graphicsenv" value="sun.awt.Win32GraphicsEnvironment"/>
    <property name="surefire.real.class.path" value="C:\Users\shiha\AppData\Local\Temp\surefire7194600412385329726\surefirebooter562000752554321066.jar"/>
    <property name="sun.boot.class.path" value="C:\Program Files\Java\jdk1.8.0_261\jre\lib\resources.jar;C:\Program Files\Java\jdk1.8.0_261\jre\lib\rt.jar;C:\Program Files\Java\jdk1.8.0_261\jre\lib\sunrsasign.jar;C:\Program Files\Java\jdk1.8.0_261\jre\lib\jsse.jar;C:\Program Files\Java\jdk1.8.0_261\jre\lib\jce.jar;C:\Program Files\Java\jdk1.8.0_261\jre\lib\charsets.jar;C:\Program Files\Java\jdk1.8.0_261\jre\lib\jfr.jar;C:\Program Files\Java\jdk1.8.0_261\jre\classes"/>
    <property name="user.script" value=""/>
    <property name="sun.management.compiler" value="HotSpot 64-Bit Tiered Compilers"/>
    <property name="java.runtime.version" value="1.8.0_261-b12"/>
    <property name="user.name" value="shiha"/>
    <property name="path.separator" value=";"/>
    <property name="os.version" value="10.0"/>
    <property name="java.endorsed.dirs" value="C:\Program Files\Java\jdk1.8.0_261\jre\lib\endorsed"/>
    <property name="java.runtime.name" value="Java(TM) SE Runtime Environment"/>
    <property name="file.encoding" value="GBK"/>
    <property name="java.vm.name" value="Java HotSpot(TM) 64-Bit Server VM"/>
    <property name="localRepository" value="S:\apache-maven-3.6.3\maven-repo"/>
    <property name="java.vendor.url.bug" value="http://bugreport.sun.com/bugreport/"/>
    <property name="java.io.tmpdir" value="C:\Users\shiha\AppData\Local\Temp\"/>
    <property name="idea.version" value="2020.2.2"/>
    <property name="java.version" value="1.8.0_261"/>
    <property name="user.dir" value="D:\workspace\IdeaProject\UBML\vueblog"/>
    <property name="os.arch" value="amd64"/>
    <property name="java.vm.specification.name" value="Java Virtual Machine Specification"/>
    <property name="java.awt.printerjob" value="sun.awt.windows.WPrinterJob"/>
    <property name="sun.os.patch.level" value=""/>
    <property name="java.library.path" value="C:\Program Files\Java\jdk1.8.0_261\jre\bin;C:\windows\Sun\Java\bin;C:\windows\system32;C:\windows;S:\Vmvare\bin\;S:\Anaconda;S:\Anaconda\Library\mingw-w64\bin;S:\Anaconda\Library\usr\bin;S:\Anaconda\Library\bin;S:\Anaconda\Scripts;X:\Anaconda;X:\Anaconda\Library\mingw-w64\bin;X:\Anaconda\Library\usr\bin;X:\Anaconda\Library\bin;X:\Anaconda\Scripts;C:\Program Files\Python38\Scripts\;C:\Program Files\Python38\;C:\Program Files (x86)\Common Files\Oracle\Java\javapath;C:\Program Files (x86)\Python38-32\Scripts\;C:\Program Files (x86)\Python38-32\;C:\windows\system32;C:\windows;C:\windows\System32\Wbem;C:\windows\System32\WindowsPowerShell\v1.0\;C:\windows\System32\OpenSSH\;C:\Program Files (x86)\NVIDIA Corporation\PhysX\Common;C:\Program Files\NVIDIA Corporation\NVIDIA NvDLISR;C:\Program Files (x86)\Yarn\bin\;C:\Program Files\Java\jdk1.8.0_261\bin;C:\Program Files\Java\jdk1.8.0_261\jre\bin;C:\Program Files\MySQL\MySQL Server 8.0\bin;S:\neo4j-community-3.5.22\bin;S:\node.js\;S:\apache-maven-3.6.3\bin;S:\hadoop-2.7.7\bin;S:\hbase-1.3.1\bin;C:\Program Files\Git\cmd;C:\Program Files (x86)\NetSarang\Xftp 7\;E:\xshell\;E:\matlab\runtime\win64;E:\matlab\bin;E:\matlab\polyspace\bin;C:\Program Files\Microsoft SQL Server\Client SDK\ODBC\110\Tools\Binn\;C:\Program Files (x86)\Microsoft SQL Server\120\Tools\Binn\;C:\Program Files\Microsoft SQL Server\120\Tools\Binn\;C:\Program Files\Microsoft SQL Server\120\DTS\Binn\;C:\Program Files (x86)\Windows Kits\8.1\Windows Performance Toolkit\;C:\Users\shiha\AppData\Local\Microsoft\WindowsApps;;E:\pycharm\PyCharm 2021.1.2\bin;;E:\IntelliJ IDEA 2020.2.2\bin;;E:\Bandzip\;C:\Users\shiha\AppData\Roaming\npm;E:\WebStorm 2020.3.3\bin;;C:\Users\shiha\AppData\Local\Yarn\bin;E:\Microsoft VS Code\bin;."/>
    <property name="java.vm.info" value="mixed mode"/>
    <property name="java.vendor" value="Oracle Corporation"/>
    <property name="java.vm.version" value="25.261-b12"/>
    <property name="java.ext.dirs" value="C:\Program Files\Java\jdk1.8.0_261\jre\lib\ext;C:\windows\Sun\Java\lib\ext"/>
    <property name="sun.io.unicode.encoding" value="UnicodeLittle"/>
    <property name="java.class.version" value="52.0"/>
  </properties>
  <testcase name="neo4jTest" classname="com.markerhub.VueblogApplicationTests" time="0.206"/>
  <testcase name="contextLoads" classname="com.markerhub.VueblogApplicationTests" time="0.272"/>
</testsuite>